<?xml version="1.0" encoding="UTF-8"?>
<testsuites>
  <testsuite name="SugarClientTest" file="C:\xampp\htdocs\Timeline\application\tests\libraries\SugarClientTest.php" tests="6" assertions="6" errors="0" failures="3" skipped="0" time="139.936119">
    <testcase name="test_connectToDb" class="SugarClientTest" classname="SugarClientTest" file="C:\xampp\htdocs\Timeline\application\tests\libraries\SugarClientTest.php" line="7" assertions="1" time="0.237505"/>
    <testcase name="testgetBaseUrlFromConfig" class="SugarClientTest" classname="SugarClientTest" file="C:\xampp\htdocs\Timeline\application\tests\libraries\SugarClientTest.php" line="14" assertions="1" time="0.013411"/>
    <testcase name="test___load_user_token_from_aws_Pass" class="SugarClientTest" classname="SugarClientTest" file="C:\xampp\htdocs\Timeline\application\tests\libraries\SugarClientTest.php" line="21" assertions="1" time="43.455963">
      <failure type="PHPUnit\Framework\ExpectationFailedException">SugarClientTest::test___load_user_token_from_aws_Pass
Failed asserting that null matches expected 'AgrawalSa'.

C:\xampp\htdocs\Timeline\application\tests\libraries\SugarClientTest.php:26
</failure>
      <system-out>&#13;
A PHP Error was encountered&#13;
&#13;
Severity:    Notice
Message:     Undefined index: Item
Filename:    C:\xampp\htdocs\Timeline\application\tests\libraries\SugarClientTest.php
Line Number: 25&#13;
&#13;
Backtrace:&#13;
	File: C:\xampp\htdocs\Timeline\application\tests\libraries\SugarClientTest.php
	Line: 25
	Function: _error_handler

	File: phar://C:/xampp/php/phpunit-7.5.13.phar/phpunit/Framework/TestCase.php
	Line: 1154
	Function: test___load_user_token_from_aws_Pass

	File: phar://C:/xampp/php/phpunit-7.5.13.phar/phpunit/Framework/TestCase.php
	Line: 842
	Function: runTest

	File: phar://C:/xampp/php/phpunit-7.5.13.phar/phpunit/Framework/TestResult.php
	Line: 693
	Function: runBare

	File: phar://C:/xampp/php/phpunit-7.5.13.phar/phpunit/Framework/TestCase.php
	Line: 796
	Function: run

	File: phar://C:/xampp/php/phpunit-7.5.13.phar/phpunit/Framework/TestSuite.php
	Line: 746
	Function: run

	File: phar://C:/xampp/php/phpunit-7.5.13.phar/phpunit/TextUI/TestRunner.php
	Line: 652
	Function: run

	File: phar://C:/xampp/php/phpunit-7.5.13.phar/phpunit/TextUI/Command.php
	Line: 206
	Function: doRun

	File: phar://C:/xampp/php/phpunit-7.5.13.phar/phpunit/TextUI/Command.php
	Line: 162
	Function: run

	File: C:\xampp\php\phpunit-7.5.13.phar
	Line: 614
	Function: main

&#13;
</system-out>
    </testcase>
    <testcase name="test__refresh_token" class="SugarClientTest" classname="SugarClientTest" file="C:\xampp\htdocs\Timeline\application\tests\libraries\SugarClientTest.php" line="28" assertions="1" time="44.839080">
      <failure type="PHPUnit\Framework\ExpectationFailedException">SugarClientTest::test__refresh_token
Failed asserting that null matches expected 'Success'.

C:\xampp\htdocs\Timeline\application\tests\libraries\SugarClientTest.php:35
</failure>
      <system-out>&#13;
A PHP Error was encountered&#13;
&#13;
Severity:    Notice
Message:     Undefined index: Item
Filename:    C:\xampp\htdocs\Timeline\application\tests\libraries\SugarClientTest.php
Line Number: 32&#13;
&#13;
Backtrace:&#13;
	File: C:\xampp\htdocs\Timeline\application\tests\libraries\SugarClientTest.php
	Line: 32
	Function: _error_handler

	File: phar://C:/xampp/php/phpunit-7.5.13.phar/phpunit/Framework/TestCase.php
	Line: 1154
	Function: test__refresh_token

	File: phar://C:/xampp/php/phpunit-7.5.13.phar/phpunit/Framework/TestCase.php
	Line: 842
	Function: runTest

	File: phar://C:/xampp/php/phpunit-7.5.13.phar/phpunit/Framework/TestResult.php
	Line: 693
	Function: runBare

	File: phar://C:/xampp/php/phpunit-7.5.13.phar/phpunit/Framework/TestCase.php
	Line: 796
	Function: run

	File: phar://C:/xampp/php/phpunit-7.5.13.phar/phpunit/Framework/TestSuite.php
	Line: 746
	Function: run

	File: phar://C:/xampp/php/phpunit-7.5.13.phar/phpunit/TextUI/TestRunner.php
	Line: 652
	Function: run

	File: phar://C:/xampp/php/phpunit-7.5.13.phar/phpunit/TextUI/Command.php
	Line: 206
	Function: doRun

	File: phar://C:/xampp/php/phpunit-7.5.13.phar/phpunit/TextUI/Command.php
	Line: 162
	Function: run

	File: C:\xampp\php\phpunit-7.5.13.phar
	Line: 614
	Function: main

&#13;
&#13;
A PHP Error was encountered&#13;
&#13;
Severity:    Notice
Message:     Trying to get property of non-object
Filename:    C:\xampp\htdocs\Timeline\application\tests\libraries\SugarClientTest.php
Line Number: 35&#13;
&#13;
Backtrace:&#13;
	File: C:\xampp\htdocs\Timeline\application\tests\libraries\SugarClientTest.php
	Line: 35
	Function: _error_handler

	File: phar://C:/xampp/php/phpunit-7.5.13.phar/phpunit/Framework/TestCase.php
	Line: 1154
	Function: test__refresh_token

	File: phar://C:/xampp/php/phpunit-7.5.13.phar/phpunit/Framework/TestCase.php
	Line: 842
	Function: runTest

	File: phar://C:/xampp/php/phpunit-7.5.13.phar/phpunit/Framework/TestResult.php
	Line: 693
	Function: runBare

	File: phar://C:/xampp/php/phpunit-7.5.13.phar/phpunit/Framework/TestCase.php
	Line: 796
	Function: run

	File: phar://C:/xampp/php/phpunit-7.5.13.phar/phpunit/Framework/TestSuite.php
	Line: 746
	Function: run

	File: phar://C:/xampp/php/phpunit-7.5.13.phar/phpunit/TextUI/TestRunner.php
	Line: 652
	Function: run

	File: phar://C:/xampp/php/phpunit-7.5.13.phar/phpunit/TextUI/Command.php
	Line: 206
	Function: doRun

	File: phar://C:/xampp/php/phpunit-7.5.13.phar/phpunit/TextUI/Command.php
	Line: 162
	Function: run

	File: C:\xampp\php\phpunit-7.5.13.phar
	Line: 614
	Function: main

&#13;
</system-out>
    </testcase>
    <testcase name="test_authenticateFail" class="SugarClientTest" classname="SugarClientTest" file="C:\xampp\htdocs\Timeline\application\tests\libraries\SugarClientTest.php" line="38" assertions="1" time="2.688093"/>
    <testcase name="test_authenticatePass" class="SugarClientTest" classname="SugarClientTest" file="C:\xampp\htdocs\Timeline\application\tests\libraries\SugarClientTest.php" line="46" assertions="1" time="48.702067">
      <failure type="PHPUnit\Framework\ExpectationFailedException">SugarClientTest::test_authenticatePass
Failed asserting that two strings are equal.
--- Expected
+++ Actual
@@ @@
-'Success'
+'Fail'

C:\xampp\htdocs\Timeline\application\tests\libraries\SugarClientTest.php:52
</failure>
      <system-out>Unable to add item:
Error executing "PutItem" on "http://localhost:8000"; AWS HTTP error: cURL error 7: Failed to connect to localhost port 8000: Connection refused (see http://curl.haxx.se/libcurl/c/libcurl-errors.html)
</system-out>
    </testcase>
  </testsuite>
</testsuites>
